  Teamwork.cpp
C:\Users\juan7\Desktop\Teamwork\Teamwork.cpp(248,24): warning C4244: '=': conversión de 'double' a 'unsigned int'; posible pérdida de datos
C:\Users\juan7\Desktop\Teamwork\Teamwork.cpp(261,27): warning C4244: '=': conversión de 'double' a 'int'; posible pérdida de datos
C:\Users\juan7\Desktop\Teamwork\Teamwork.cpp(265,23): warning C4244: '=': conversión de 'double' a 'int'; posible pérdida de datos
C:\Users\juan7\Desktop\Teamwork\Teamwork.cpp(16): warning C4702: no se puede tener acceso al código
C:\Users\juan7\Desktop\Teamwork\Teamwork.cpp(18): warning C4702: no se puede tener acceso al código
C:\Users\juan7\Desktop\Teamwork\Teamwork.cpp(19): warning C4702: no se puede tener acceso al código
C:\Users\juan7\Desktop\Teamwork\Teamwork.cpp(23): warning C4702: no se puede tener acceso al código
C:\Users\juan7\Desktop\Teamwork\Teamwork.cpp(25): warning C4702: no se puede tener acceso al código
C:\Users\juan7\Desktop\Teamwork\Teamwork.cpp(38): warning C4702: no se puede tener acceso al código
C:\Users\juan7\Desktop\Teamwork\Teamwork.cpp(40): warning C4702: no se puede tener acceso al código
C:\Users\juan7\Desktop\Teamwork\Teamwork.cpp(41): warning C4702: no se puede tener acceso al código
C:\Users\juan7\Desktop\Teamwork\Teamwork.cpp(45): warning C4702: no se puede tener acceso al código
C:\Users\juan7\Desktop\Teamwork\Teamwork.cpp(47): warning C4702: no se puede tener acceso al código
C:\Users\juan7\Desktop\Teamwork\Teamwork.cpp(49): warning C4702: no se puede tener acceso al código
C:\Users\juan7\Desktop\Teamwork\Teamwork.cpp(50): warning C4702: no se puede tener acceso al código
C:\Users\juan7\Desktop\Teamwork\Teamwork.cpp(54): warning C4702: no se puede tener acceso al código
C:\Users\juan7\Desktop\Teamwork\Teamwork.cpp(56): warning C4702: no se puede tener acceso al código
C:\Users\juan7\Desktop\Teamwork\Teamwork.cpp(58): warning C4702: no se puede tener acceso al código
C:\Users\juan7\Desktop\Teamwork\Teamwork.cpp(68): warning C4702: no se puede tener acceso al código
C:\Users\juan7\Desktop\Teamwork\Teamwork.cpp(74): warning C4702: no se puede tener acceso al código
C:\Users\juan7\Desktop\Teamwork\Teamwork.cpp(89): warning C4702: no se puede tener acceso al código
C:\Users\juan7\Desktop\Teamwork\Teamwork.cpp(101): warning C4702: no se puede tener acceso al código
C:\Users\juan7\Desktop\Teamwork\Teamwork.cpp(112): warning C4702: no se puede tener acceso al código
C:\Users\juan7\Desktop\Teamwork\Teamwork.cpp(237): warning C4702: no se puede tener acceso al código
C:\Users\juan7\Desktop\Teamwork\Teamwork.cpp(316): warning C4700: se utilizó la variable local 'decimal' sin inicializar
C:\Users\juan7\Desktop\Teamwork\Teamwork.cpp(320): warning C4700: se utilizó la variable local 'bs' sin inicializar
  Teamwork.vcxproj -> C:\Users\juan7\Desktop\Teamwork\Debug\Teamwork.exe
